<?xml version="1.0" encoding="UTF-8"?>
<!-- Generated by org.testng.reporters.JUnitReportReporter -->
<testsuite skipped="0" hostname="ramasesha-lt001" name="com.assurity.rest.test.AppTest" tests="1" failures="0" timestamp="11 Nov 2018 06:26:31 GMT" time="0.009" errors="0">
  <testcase name="shouldAnswerWithTrue" time="0.009" classname="com.assurity.rest.test.AppTest"/>
</testsuite> <!-- com.assurity.rest.test.AppTest -->
