<?xml version="1.0" encoding="UTF-8"?>
<!-- Generated by org.testng.reporters.JUnitReportReporter -->
<testsuite skipped="0" hostname="ramasesha-lt001" name="com.assurity.rest.test.AssurityApiTest" tests="3" failures="0" timestamp="15 Nov 2018 08:34:31 GMT" time="2.824" errors="0">
  <testcase name="testPromotionNameAndCheckDescription" time="0.394" classname="com.assurity.rest.test.AssurityApiTest"/>
  <testcase name="testCategoryId" time="0.426" classname="com.assurity.rest.test.AssurityApiTest"/>
  <testcase name="testCanRelist" time="2.004" classname="com.assurity.rest.test.AssurityApiTest"/>
</testsuite> <!-- com.assurity.rest.test.AssurityApiTest -->
