<?xml version="1.0" encoding="UTF-8"?>
<!-- Generated by org.testng.reporters.JUnitReportReporter -->
<testsuite skipped="0" hostname="ramasesha-lt001" name="com.assurity.rest.test.AssurityApiTest" tests="3" failures="0" timestamp="14 Nov 2018 09:26:53 GMT" time="3.280" errors="0">
  <testcase name="testIfNameisGalleryAndCheckDescription" time="0.356" classname="com.assurity.rest.test.AssurityApiTest"/>
  <testcase name="testCanRelist" time="2.584" classname="com.assurity.rest.test.AssurityApiTest"/>
  <testcase name="testCategoryId" time="0.340" classname="com.assurity.rest.test.AssurityApiTest"/>
</testsuite> <!-- com.assurity.rest.test.AssurityApiTest -->
